2024-02-16T23:32:01.573+0900 [DEBUG] [org.gradle.launcher.daemon.bootstrap.DaemonMain] Assuming the daemon was started with following jvm opts: [--add-opens=java.base/java.util=ALL-UNNAMED, --add-opens=java.base/java.lang=ALL-UNNAMED, --add-opens=java.base/java.lang.invoke=ALL-UNNAMED, --add-opens=java.prefs/java.util.prefs=ALL-UNNAMED, --add-opens=java.base/java.nio.charset=ALL-UNNAMED, --add-opens=java.base/java.net=ALL-UNNAMED, --add-opens=java.base/java.util.concurrent.atomic=ALL-UNNAMED, -XX:MaxMetaspaceSize=384m, -XX:+HeapDumpOnOutOfMemoryError, -Xms256m, -Xmx512m, -Dfile.encoding=UTF-8, -Duser.country=US, -Duser.language=en, -Duser.variant]
2024-02-16T23:32:01.647+0900 [INFO] [org.gradle.launcher.daemon.server.Daemon] start() called on daemon - DefaultDaemonContext[uid=dcdbacb2-17ee-4f6c-8fbe-7b39aeff7ede,javaHome=/Library/Java/JavaVirtualMachines/jdk-17.jdk/Contents/Home,daemonRegistryDir=/Users/dahyun/Desktop/github/project/shdh/nutri-subscription-service/.gradle/daemon,pid=59256,idleTimeout=10800000,priority=NORMAL,applyInstrumentationAgent=true,daemonOpts=--add-opens=java.base/java.util=ALL-UNNAMED,--add-opens=java.base/java.lang=ALL-UNNAMED,--add-opens=java.base/java.lang.invoke=ALL-UNNAMED,--add-opens=java.prefs/java.util.prefs=ALL-UNNAMED,--add-opens=java.base/java.nio.charset=ALL-UNNAMED,--add-opens=java.base/java.net=ALL-UNNAMED,--add-opens=java.base/java.util.concurrent.atomic=ALL-UNNAMED,-XX:MaxMetaspaceSize=384m,-XX:+HeapDumpOnOutOfMemoryError,-Xms256m,-Xmx512m,-Dfile.encoding=UTF-8,-Duser.country=US,-Duser.language=en,-Duser.variant]
2024-02-16T23:32:01.671+0900 [DEBUG] [org.gradle.internal.remote.internal.inet.InetAddresses] Adding IP addresses for network interface utun9
2024-02-16T23:32:01.671+0900 [DEBUG] [org.gradle.internal.remote.internal.inet.InetAddresses] Is this a loopback interface? false
2024-02-16T23:32:01.671+0900 [DEBUG] [org.gradle.internal.remote.internal.inet.InetAddresses] Adding remote address /fe80:0:0:0:32f6:41ab:acb3:5a8c%utun9
2024-02-16T23:32:01.671+0900 [DEBUG] [org.gradle.internal.remote.internal.inet.InetAddresses] Adding IP addresses for network interface utun8
2024-02-16T23:32:01.671+0900 [DEBUG] [org.gradle.internal.remote.internal.inet.InetAddresses] Is this a loopback interface? false
2024-02-16T23:32:01.672+0900 [DEBUG] [org.gradle.internal.remote.internal.inet.InetAddresses] Adding remote address /fe80:0:0:0:4359:a53b:1d50:6353%utun8
2024-02-16T23:32:01.672+0900 [DEBUG] [org.gradle.internal.remote.internal.inet.InetAddresses] Adding IP addresses for network interface utun7
2024-02-16T23:32:01.672+0900 [DEBUG] [org.gradle.internal.remote.internal.inet.InetAddresses] Is this a loopback interface? false
2024-02-16T23:32:01.672+0900 [DEBUG] [org.gradle.internal.remote.internal.inet.InetAddresses] Adding remote address /fe80:0:0:0:b904:786e:cb3f:8ec3%utun7
2024-02-16T23:32:01.672+0900 [DEBUG] [org.gradle.internal.remote.internal.inet.InetAddresses] Adding IP addresses for network interface utun6
2024-02-16T23:32:01.672+0900 [DEBUG] [org.gradle.internal.remote.internal.inet.InetAddresses] Is this a loopback interface? false
2024-02-16T23:32:01.672+0900 [DEBUG] [org.gradle.internal.remote.internal.inet.InetAddresses] Adding remote address /fe80:0:0:0:2b4e:ac8:e306:fba4%utun6
2024-02-16T23:32:01.672+0900 [DEBUG] [org.gradle.internal.remote.internal.inet.InetAddresses] Adding IP addresses for network interface utun5
2024-02-16T23:32:01.673+0900 [DEBUG] [org.gradle.internal.remote.internal.inet.InetAddresses] Is this a loopback interface? false
2024-02-16T23:32:01.673+0900 [DEBUG] [org.gradle.internal.remote.internal.inet.InetAddresses] Adding remote address /fe80:0:0:0:41c7:1693:9dfc:7372%utun5
2024-02-16T23:32:01.673+0900 [DEBUG] [org.gradle.internal.remote.internal.inet.InetAddresses] Adding IP addresses for network interface utun4
2024-02-16T23:32:01.673+0900 [DEBUG] [org.gradle.internal.remote.internal.inet.InetAddresses] Is this a loopback interface? false
2024-02-16T23:32:01.673+0900 [DEBUG] [org.gradle.internal.remote.internal.inet.InetAddresses] Adding remote address /fe80:0:0:0:f76a:8628:32e4:6423%utun4
2024-02-16T23:32:01.673+0900 [DEBUG] [org.gradle.internal.remote.internal.inet.InetAddresses] Adding IP addresses for network interface utun3
2024-02-16T23:32:01.673+0900 [DEBUG] [org.gradle.internal.remote.internal.inet.InetAddresses] Is this a loopback interface? false
2024-02-16T23:32:01.673+0900 [DEBUG] [org.gradle.internal.remote.internal.inet.InetAddresses] Adding remote address /fe80:0:0:0:ce81:b1c:bd2c:69e%utun3
2024-02-16T23:32:01.673+0900 [DEBUG] [org.gradle.internal.remote.internal.inet.InetAddresses] Adding IP addresses for network interface utun2
2024-02-16T23:32:01.673+0900 [DEBUG] [org.gradle.internal.remote.internal.inet.InetAddresses] Is this a loopback interface? false
2024-02-16T23:32:01.673+0900 [DEBUG] [org.gradle.internal.remote.internal.inet.InetAddresses] Adding remote address /fe80:0:0:0:3bfb:aaa0:e64d:8f30%utun2
2024-02-16T23:32:01.673+0900 [DEBUG] [org.gradle.internal.remote.internal.inet.InetAddresses] Adding IP addresses for network interface utun1
2024-02-16T23:32:01.674+0900 [DEBUG] [org.gradle.internal.remote.internal.inet.InetAddresses] Is this a loopback interface? false
2024-02-16T23:32:01.674+0900 [DEBUG] [org.gradle.internal.remote.internal.inet.InetAddresses] Adding remote address /fe80:0:0:0:4531:1be3:e315:6cf5%utun1
2024-02-16T23:32:01.674+0900 [DEBUG] [org.gradle.internal.remote.internal.inet.InetAddresses] Adding IP addresses for network interface utun0
2024-02-16T23:32:01.674+0900 [DEBUG] [org.gradle.internal.remote.internal.inet.InetAddresses] Is this a loopback interface? false
2024-02-16T23:32:01.674+0900 [DEBUG] [org.gradle.internal.remote.internal.inet.InetAddresses] Adding remote address /fe80:0:0:0:dd2f:538a:802c:7cc5%utun0
2024-02-16T23:32:01.674+0900 [DEBUG] [org.gradle.internal.remote.internal.inet.InetAddresses] Adding IP addresses for network interface llw0
2024-02-16T23:32:01.674+0900 [DEBUG] [org.gradle.internal.remote.internal.inet.InetAddresses] Is this a loopback interface? false
2024-02-16T23:32:01.674+0900 [DEBUG] [org.gradle.internal.remote.internal.inet.InetAddresses] Adding remote address /fe80:0:0:0:b8e6:96ff:fed9:4294%llw0
2024-02-16T23:32:01.674+0900 [DEBUG] [org.gradle.internal.remote.internal.inet.InetAddresses] Adding IP addresses for network interface awdl0
2024-02-16T23:32:01.675+0900 [DEBUG] [org.gradle.internal.remote.internal.inet.InetAddresses] Is this a loopback interface? false
2024-02-16T23:32:01.675+0900 [DEBUG] [org.gradle.internal.remote.internal.inet.InetAddresses] Adding remote address /fe80:0:0:0:b8e6:96ff:fed9:4294%awdl0
2024-02-16T23:32:01.675+0900 [DEBUG] [org.gradle.internal.remote.internal.inet.InetAddresses] Adding IP addresses for network interface en0
2024-02-16T23:32:01.675+0900 [DEBUG] [org.gradle.internal.remote.internal.inet.InetAddresses] Is this a loopback interface? false
2024-02-16T23:32:01.676+0900 [DEBUG] [org.gradle.internal.remote.internal.inet.InetAddresses] Adding remote address /fe80:0:0:0:8b9:b924:2025:3e36%en0
2024-02-16T23:32:01.677+0900 [DEBUG] [org.gradle.internal.remote.internal.inet.InetAddresses] Adding remote address /172.30.1.96
2024-02-16T23:32:01.678+0900 [DEBUG] [org.gradle.internal.remote.internal.inet.InetAddresses] Adding IP addresses for network interface lo0
2024-02-16T23:32:01.678+0900 [DEBUG] [org.gradle.internal.remote.internal.inet.InetAddresses] Is this a loopback interface? true
2024-02-16T23:32:01.678+0900 [DEBUG] [org.gradle.internal.remote.internal.inet.InetAddresses] Ignoring remote address on loopback interface /fe80:0:0:0:0:0:0:1%lo0
2024-02-16T23:32:01.678+0900 [DEBUG] [org.gradle.internal.remote.internal.inet.InetAddresses] Adding loopback address /0:0:0:0:0:0:0:1%lo0
2024-02-16T23:32:01.679+0900 [DEBUG] [org.gradle.internal.remote.internal.inet.InetAddresses] Adding loopback address /127.0.0.1
2024-02-16T23:32:01.681+0900 [DEBUG] [org.gradle.internal.remote.internal.inet.TcpIncomingConnector] Listening on [14b048f4-0adb-4325-a85d-5cdb843e6a2e port:54999, addresses:[localhost/127.0.0.1]].
2024-02-16T23:32:01.689+0900 [DEBUG] [org.gradle.launcher.daemon.server.Daemon] Daemon starting at: Fri Feb 16 23:32:01 KST 2024, with address: [14b048f4-0adb-4325-a85d-5cdb843e6a2e port:54999, addresses:[localhost/127.0.0.1]]
2024-02-16T23:32:01.689+0900 [INFO] [org.gradle.launcher.daemon.server.DaemonRegistryUpdater] Advertising the daemon address to the clients: [14b048f4-0adb-4325-a85d-5cdb843e6a2e port:54999, addresses:[localhost/127.0.0.1]]
2024-02-16T23:32:01.689+0900 [DEBUG] [org.gradle.launcher.daemon.server.DaemonRegistryUpdater] Advertised daemon context: DefaultDaemonContext[uid=dcdbacb2-17ee-4f6c-8fbe-7b39aeff7ede,javaHome=/Library/Java/JavaVirtualMachines/jdk-17.jdk/Contents/Home,daemonRegistryDir=/Users/dahyun/Desktop/github/project/shdh/nutri-subscription-service/.gradle/daemon,pid=59256,idleTimeout=10800000,priority=NORMAL,applyInstrumentationAgent=true,daemonOpts=--add-opens=java.base/java.util=ALL-UNNAMED,--add-opens=java.base/java.lang=ALL-UNNAMED,--add-opens=java.base/java.lang.invoke=ALL-UNNAMED,--add-opens=java.prefs/java.util.prefs=ALL-UNNAMED,--add-opens=java.base/java.nio.charset=ALL-UNNAMED,--add-opens=java.base/java.net=ALL-UNNAMED,--add-opens=java.base/java.util.concurrent.atomic=ALL-UNNAMED,-XX:MaxMetaspaceSize=384m,-XX:+HeapDumpOnOutOfMemoryError,-Xms256m,-Xmx512m,-Dfile.encoding=UTF-8,-Duser.country=US,-Duser.language=en,-Duser.variant]
2024-02-16T23:32:01.689+0900 [DEBUG] [org.gradle.launcher.daemon.registry.PersistentDaemonRegistry] Storing daemon address: [14b048f4-0adb-4325-a85d-5cdb843e6a2e port:54999, addresses:[localhost/127.0.0.1]], context: DefaultDaemonContext[uid=dcdbacb2-17ee-4f6c-8fbe-7b39aeff7ede,javaHome=/Library/Java/JavaVirtualMachines/jdk-17.jdk/Contents/Home,daemonRegistryDir=/Users/dahyun/Desktop/github/project/shdh/nutri-subscription-service/.gradle/daemon,pid=59256,idleTimeout=10800000,priority=NORMAL,applyInstrumentationAgent=true,daemonOpts=--add-opens=java.base/java.util=ALL-UNNAMED,--add-opens=java.base/java.lang=ALL-UNNAMED,--add-opens=java.base/java.lang.invoke=ALL-UNNAMED,--add-opens=java.prefs/java.util.prefs=ALL-UNNAMED,--add-opens=java.base/java.nio.charset=ALL-UNNAMED,--add-opens=java.base/java.net=ALL-UNNAMED,--add-opens=java.base/java.util.concurrent.atomic=ALL-UNNAMED,-XX:MaxMetaspaceSize=384m,-XX:+HeapDumpOnOutOfMemoryError,-Xms256m,-Xmx512m,-Dfile.encoding=UTF-8,-Duser.country=US,-Duser.language=en,-Duser.variant]
2024-02-16T23:32:01.698+0900 [DEBUG] [org.gradle.cache.internal.DefaultFileLockManager] Waiting to acquire exclusive lock on daemon addresses registry.
2024-02-16T23:32:01.699+0900 [DEBUG] [org.gradle.cache.internal.DefaultFileLockManager] Lock acquired on daemon addresses registry.
2024-02-16T23:32:01.702+0900 [DEBUG] [org.gradle.cache.internal.DefaultFileLockManager] Releasing lock on daemon addresses registry.
2024-02-16T23:32:01.702+0900 [LIFECYCLE] [org.gradle.launcher.daemon.server.Daemon] Daemon server started.
2024-02-16T23:32:01.703+0900 [DEBUG] [org.gradle.launcher.daemon.bootstrap.DaemonStartupCommunication] Completed writing the daemon greeting. Closing streams...
2024-02-16T23:32:01.704+0900 [DEBUG] [org.gradle.launcher.daemon.server.Daemon] stopOnExpiration() called on daemon
2024-02-16T23:32:01.705+0900 [DEBUG] [org.gradle.launcher.daemon.server.Daemon] awaitExpiration() called on daemon
2024-02-16T23:32:01.705+0900 [DEBUG] [org.gradle.launcher.daemon.server.DaemonStateCoordinator] daemon is running. Sleeping until state changes.
2024-02-16T23:32:01.707+0900 [DEBUG] [org.gradle.internal.remote.internal.inet.TcpIncomingConnector] Accepted connection from /127.0.0.1:55000 to /127.0.0.1:54999.
2024-02-16T23:32:01.723+0900 [DEBUG] [org.gradle.launcher.daemon.server.SynchronizedDispatchConnection] thread 21: received class org.gradle.launcher.daemon.protocol.Build
2024-02-16T23:32:01.723+0900 [DEBUG] [org.gradle.launcher.daemon.server.DefaultDaemonConnection] thread 21: Received non-IO message from client: Build{id=38fe1cd2-ae4f-4181-ae2d-3eab5b9ae7b5, currentDir=/Users/dahyun/Desktop/github/sesac-spring/240130/spring-boot-security-jwt}
2024-02-16T23:32:01.723+0900 [INFO] [org.gradle.launcher.daemon.server.DefaultIncomingConnectionHandler] Received command: Build{id=38fe1cd2-ae4f-4181-ae2d-3eab5b9ae7b5, currentDir=/Users/dahyun/Desktop/github/sesac-spring/240130/spring-boot-security-jwt}.
2024-02-16T23:32:01.723+0900 [DEBUG] [org.gradle.launcher.daemon.server.DefaultIncomingConnectionHandler] Starting executing command: Build{id=38fe1cd2-ae4f-4181-ae2d-3eab5b9ae7b5, currentDir=/Users/dahyun/Desktop/github/sesac-spring/240130/spring-boot-security-jwt} with connection: socket connection from /127.0.0.1:54999 to /127.0.0.1:55000.
2024-02-16T23:32:01.724+0900 [DEBUG] [org.gradle.launcher.daemon.server.DaemonStateCoordinator] Command execution: started DaemonCommandExecution[command = Build{id=38fe1cd2-ae4f-4181-ae2d-3eab5b9ae7b5, currentDir=/Users/dahyun/Desktop/github/sesac-spring/240130/spring-boot-security-jwt}, connection = DefaultDaemonConnection: socket connection from /127.0.0.1:54999 to /127.0.0.1:55000] after 0.0 minutes of idle
2024-02-16T23:32:01.724+0900 [INFO] [org.gradle.launcher.daemon.server.DaemonRegistryUpdater] Marking the daemon as busy, address: [14b048f4-0adb-4325-a85d-5cdb843e6a2e port:54999, addresses:[localhost/127.0.0.1]]
2024-02-16T23:32:01.724+0900 [DEBUG] [org.gradle.launcher.daemon.registry.PersistentDaemonRegistry] Marking busy by address: [14b048f4-0adb-4325-a85d-5cdb843e6a2e port:54999, addresses:[localhost/127.0.0.1]]
2024-02-16T23:32:01.724+0900 [DEBUG] [org.gradle.cache.internal.DefaultFileLockManager] Waiting to acquire exclusive lock on daemon addresses registry.
2024-02-16T23:32:01.725+0900 [DEBUG] [org.gradle.cache.internal.DefaultFileLockManager] Lock acquired on daemon addresses registry.
2024-02-16T23:32:01.725+0900 [DEBUG] [org.gradle.cache.internal.DefaultFileLockManager] Releasing lock on daemon addresses registry.
2024-02-16T23:32:01.725+0900 [DEBUG] [org.gradle.launcher.daemon.server.DaemonStateCoordinator] resetting idle timer
2024-02-16T23:32:01.726+0900 [DEBUG] [org.gradle.launcher.daemon.server.DaemonStateCoordinator] daemon is running. Sleeping until state changes.
2024-02-16T23:32:01.726+0900 [INFO] [org.gradle.launcher.daemon.server.exec.StartBuildOrRespondWithBusy] Daemon is about to start building Build{id=38fe1cd2-ae4f-4181-ae2d-3eab5b9ae7b5, currentDir=/Users/dahyun/Desktop/github/sesac-spring/240130/spring-boot-security-jwt}. Dispatching build started information...
2024-02-16T23:32:01.726+0900 [DEBUG] [org.gradle.launcher.daemon.server.SynchronizedDispatchConnection] thread 23: dispatching org.gradle.launcher.daemon.protocol.BuildStarted@6df21f05
2024-02-16T23:32:01.728+0900 [DEBUG] [org.gradle.launcher.daemon.server.exec.EstablishBuildEnvironment] Configuring env variables: [PATH, __CFBundleIdentifier, SHELL, OLDPWD, USER, COMMAND_MODE, TMPDIR, SSH_AUTH_SOCK, XPC_FLAGS, __CF_USER_TEXT_ENCODING, LOGNAME, LC_CTYPE, XPC_SERVICE_NAME, IDEA_INITIAL_DIRECTORY, HOME]
2024-02-16T23:32:01.729+0900 [DEBUG] [org.gradle.launcher.daemon.server.exec.LogToClient] About to start relaying all logs to the client via the connection.
2024-02-16T23:32:01.729+0900 [INFO] [org.gradle.launcher.daemon.server.exec.LogToClient] The client will now receive all logging from the daemon (pid: 59256). The daemon log file: /Users/dahyun/Desktop/github/project/shdh/nutri-subscription-service/.gradle/daemon/8.5/daemon-59256.out.log
2024-02-16T23:32:01.730+0900 [INFO] [org.gradle.launcher.daemon.server.exec.LogAndCheckHealth] Starting build in new daemon [memory: 512 MiB]
2024-02-16T23:32:01.731+0900 [DEBUG] [org.gradle.launcher.daemon.server.exec.ExecuteBuild] The daemon has started executing the build.
2024-02-16T23:32:01.731+0900 [DEBUG] [org.gradle.launcher.daemon.server.exec.ExecuteBuild] Executing build with daemon context: DefaultDaemonContext[uid=dcdbacb2-17ee-4f6c-8fbe-7b39aeff7ede,javaHome=/Library/Java/JavaVirtualMachines/jdk-17.jdk/Contents/Home,daemonRegistryDir=/Users/dahyun/Desktop/github/project/shdh/nutri-subscription-service/.gradle/daemon,pid=59256,idleTimeout=10800000,priority=NORMAL,applyInstrumentationAgent=true,daemonOpts=--add-opens=java.base/java.util=ALL-UNNAMED,--add-opens=java.base/java.lang=ALL-UNNAMED,--add-opens=java.base/java.lang.invoke=ALL-UNNAMED,--add-opens=java.prefs/java.util.prefs=ALL-UNNAMED,--add-opens=java.base/java.nio.charset=ALL-UNNAMED,--add-opens=java.base/java.net=ALL-UNNAMED,--add-opens=java.base/java.util.concurrent.atomic=ALL-UNNAMED,-XX:MaxMetaspaceSize=384m,-XX:+HeapDumpOnOutOfMemoryError,-Xms256m,-Xmx512m,-Dfile.encoding=UTF-8,-Duser.country=US,-Duser.language=en,-Duser.variant]

  .   ____          _            __ _ _
 /\\ / ___'_ __ _ _(_)_ __  __ _ \ \ \ \
( ( )\___ | '_ | '_| | '_ \/ _` | \ \ \ \
 \\/  ___)| |_)| | | | | || (_| |  ) ) ) )
  '  |____| .__|_| |_|_| |_\__, | / / / /
 =========|_|==============|___/=/_/_/_/
 :: Spring Boot ::                (v3.2.2)

2024-02-16T23:32:27.292+09:00  INFO 59277 --- [           main] [                                                 ] p.n.NutriSubscriptionServiceApplication  : Starting NutriSubscriptionServiceApplication using Java 17.0.10 with PID 59277 (/Users/dahyun/Desktop/github/project/shdh/nutri-subscription-service/build/classes/java/main started by dahyun in /Users/dahyun/Desktop/github/project/shdh/nutri-subscription-service)
2024-02-16T23:32:27.295+09:00  INFO 59277 --- [           main] [                                                 ] p.n.NutriSubscriptionServiceApplication  : No active profile set, falling back to 1 default profile: "default"
2024-02-16T23:32:27.781+09:00  INFO 59277 --- [           main] [                                                 ] .s.d.r.c.RepositoryConfigurationDelegate : Bootstrapping Spring Data JPA repositories in DEFAULT mode.
2024-02-16T23:32:27.802+09:00  INFO 59277 --- [           main] [                                                 ] .s.d.r.c.RepositoryConfigurationDelegate : Finished Spring Data repository scanning in 17 ms. Found 1 JPA repository interface.
2024-02-16T23:32:27.848+09:00  WARN 59277 --- [           main] [                                                 ] o.m.s.mapper.ClassPathMapperScanner      : No MyBatis mapper was found in '[project3.nutrisubscriptionservice]' package. Please check your configuration.
2024-02-16T23:32:28.181+09:00  INFO 59277 --- [           main] [                                                 ] o.s.b.w.embedded.tomcat.TomcatWebServer  : Tomcat initialized with port 8080 (http)
2024-02-16T23:32:28.186+09:00  INFO 59277 --- [           main] [                                                 ] o.apache.catalina.core.StandardService   : Starting service [Tomcat]
2024-02-16T23:32:28.187+09:00  INFO 59277 --- [           main] [                                                 ] o.apache.catalina.core.StandardEngine    : Starting Servlet engine: [Apache Tomcat/10.1.18]
2024-02-16T23:32:28.214+09:00  INFO 59277 --- [           main] [                                                 ] o.a.c.c.C.[Tomcat].[localhost].[/]       : Initializing Spring embedded WebApplicationContext
2024-02-16T23:32:28.214+09:00  INFO 59277 --- [           main] [                                                 ] w.s.c.ServletWebServerApplicationContext : Root WebApplicationContext: initialization completed in 882 ms
2024-02-16T23:32:28.494+09:00  INFO 59277 --- [           main] [                                                 ] o.hibernate.jpa.internal.util.LogHelper  : HHH000204: Processing PersistenceUnitInfo [name: default]
2024-02-16T23:32:28.522+09:00  INFO 59277 --- [           main] [                                                 ] org.hibernate.Version                    : HHH000412: Hibernate ORM core version 6.4.1.Final
2024-02-16T23:32:28.533+09:00  INFO 59277 --- [           main] [                                                 ] o.h.c.internal.RegionFactoryInitiator    : HHH000026: Second-level cache disabled
2024-02-16T23:32:28.669+09:00  INFO 59277 --- [           main] [                                                 ] o.s.o.j.p.SpringPersistenceUnitInfo      : No LoadTimeWeaver setup: ignoring JPA class transformer
2024-02-16T23:32:28.680+09:00  INFO 59277 --- [           main] [                                                 ] com.zaxxer.hikari.HikariDataSource       : HikariPool-1 - Starting...
2024-02-16T23:32:28.865+09:00  INFO 59277 --- [           main] [                                                 ] com.zaxxer.hikari.pool.HikariPool        : HikariPool-1 - Added connection com.mysql.cj.jdbc.ConnectionImpl@6614289a
2024-02-16T23:32:28.867+09:00  INFO 59277 --- [           main] [                                                 ] com.zaxxer.hikari.HikariDataSource       : HikariPool-1 - Start completed.
2024-02-16T23:32:29.392+09:00  INFO 59277 --- [           main] [                                                 ] o.h.e.t.j.p.i.JtaPlatformInitiator       : HHH000489: No JTA platform available (set 'hibernate.transaction.jta.platform' to enable JTA platform integration)
2024-02-16T23:32:29.443+09:00  INFO 59277 --- [           main] [                                                 ] j.LocalContainerEntityManagerFactoryBean : Initialized JPA EntityManagerFactory for persistence unit 'default'
2024-02-16T23:32:29.457+09:00  WARN 59277 --- [           main] [                                                 ] ConfigServletWebServerApplicationContext : Exception encountered during context initialization - cancelling refresh attempt: org.springframework.beans.factory.UnsatisfiedDependencyException: Error creating bean with name 'userController': Unsatisfied dependency expressed through field 'userService': No qualifying bean of type 'project3.nutrisubscriptionservice.service.UserService' available: expected at least 1 bean which qualifies as autowire candidate. Dependency annotations: {@org.springframework.beans.factory.annotation.Autowired(required=true)}
2024-02-16T23:32:29.458+09:00  INFO 59277 --- [           main] [                                                 ] j.LocalContainerEntityManagerFactoryBean : Closing JPA EntityManagerFactory for persistence unit 'default'
2024-02-16T23:32:29.461+09:00  INFO 59277 --- [           main] [                                                 ] com.zaxxer.hikari.HikariDataSource       : HikariPool-1 - Shutdown initiated...
2024-02-16T23:32:29.466+09:00  INFO 59277 --- [           main] [                                                 ] com.zaxxer.hikari.HikariDataSource       : HikariPool-1 - Shutdown completed.
2024-02-16T23:32:29.467+09:00  INFO 59277 --- [           main] [                                                 ] o.apache.catalina.core.StandardService   : Stopping service [Tomcat]
2024-02-16T23:32:29.483+09:00  INFO 59277 --- [           main] [                                                 ] .s.b.a.l.ConditionEvaluationReportLogger : 

Error starting ApplicationContext. To display the condition evaluation report re-run your application with 'debug' enabled.
2024-02-16T23:32:29.498+09:00 ERROR 59277 --- [           main] [                                                 ] o.s.b.d.LoggingFailureAnalysisReporter   : 

***************************
APPLICATION FAILED TO START
***************************

Description:

Field userService in project3.nutrisubscriptionservice.controller.UserController required a bean of type 'project3.nutrisubscriptionservice.service.UserService' that could not be found.

The injection point has the following annotations:
	- @org.springframework.beans.factory.annotation.Autowired(required=true)


Action:

Consider defining a bean of type 'project3.nutrisubscriptionservice.service.UserService' in your configuration.


FAILURE: Build failed with an exception.

* What went wrong:
Execution failed for task ':NutriSubscriptionServiceApplication.main()'.
> Process 'command '/Library/Java/JavaVirtualMachines/jdk-17.jdk/Contents/Home/bin/java'' finished with non-zero exit value 1

* Try:
> Run with --stacktrace option to get the stack trace.
> Run with --info or --debug option to get more log output.
> Run with --scan to get full insights.
> Get more help at https://help.gradle.org.

Deprecated Gradle features were used in this build, making it incompatible with Gradle 9.0.

You can use '--warning-mode all' to show the individual deprecation warnings and determine if they come from your own scripts or plugins.

For more on this, please refer to https://docs.gradle.org/8.5/userguide/command_line_interface.html#sec:command_line_warnings in the Gradle documentation.

BUILD FAILED in 28s
3 actionable tasks: 1 executed, 2 up-to-date
2024-02-16T23:32:29.596+0900 [DEBUG] [org.gradle.launcher.daemon.server.exec.ExecuteBuild] The daemon has finished executing the build.
2024-02-16T23:32:29.601+0900 [DEBUG] [org.gradle.launcher.daemon.server.DaemonStateCoordinator] daemon is running. Sleeping until state changes.
2024-02-16T23:32:29.601+0900 [DEBUG] [org.gradle.launcher.daemon.server.DaemonStateCoordinator] Command execution: finished waiting for DaemonCommandExecution[command = Build{id=38fe1cd2-ae4f-4181-ae2d-3eab5b9ae7b5, currentDir=/Users/dahyun/Desktop/github/sesac-spring/240130/spring-boot-security-jwt}, connection = DefaultDaemonConnection: socket connection from /127.0.0.1:54999 to /127.0.0.1:55000]. Result org.gradle.launcher.daemon.server.DaemonStateCoordinator@2e937c5a with state Busy
2024-02-16T23:32:29.602+0900 [DEBUG] [org.gradle.launcher.daemon.server.DaemonStateCoordinator] Command execution: completed DaemonCommandExecution[command = Build{id=38fe1cd2-ae4f-4181-ae2d-3eab5b9ae7b5, currentDir=/Users/dahyun/Desktop/github/sesac-spring/240130/spring-boot-security-jwt}, connection = DefaultDaemonConnection: socket connection from /127.0.0.1:54999 to /127.0.0.1:55000]
2024-02-16T23:32:29.602+0900 [DEBUG] [org.gradle.launcher.daemon.server.DaemonStateCoordinator] resetting idle timer
2024-02-16T23:32:29.602+0900 [INFO] [org.gradle.launcher.daemon.server.DaemonRegistryUpdater] Marking the daemon as idle, address: [14b048f4-0adb-4325-a85d-5cdb843e6a2e port:54999, addresses:[localhost/127.0.0.1]]
2024-02-16T23:32:29.602+0900 [DEBUG] [org.gradle.launcher.daemon.registry.PersistentDaemonRegistry] Marking busy by address: [14b048f4-0adb-4325-a85d-5cdb843e6a2e port:54999, addresses:[localhost/127.0.0.1]]
2024-02-16T23:32:29.603+0900 [DEBUG] [org.gradle.cache.internal.DefaultFileLockManager] Waiting to acquire exclusive lock on daemon addresses registry.
2024-02-16T23:32:29.603+0900 [DEBUG] [org.gradle.cache.internal.DefaultFileLockManager] Lock acquired on daemon addresses registry.
2024-02-16T23:32:29.603+0900 [DEBUG] [org.gradle.cache.internal.DefaultFileLockManager] Releasing lock on daemon addresses registry.
2024-02-16T23:32:29.604+0900 [DEBUG] [org.gradle.launcher.daemon.server.DaemonStateCoordinator] daemon is running. Sleeping until state changes.
2024-02-16T23:32:29.604+0900 [DEBUG] [org.gradle.launcher.daemon.server.exec.ReturnResult] Daemon is dispatching the build result: Success[value=org.gradle.launcher.exec.BuildActionResult@2f8c20ec]
2024-02-16T23:32:29.604+0900 [DEBUG] [org.gradle.launcher.daemon.server.SynchronizedDispatchConnection] thread 20: dispatching Success[value=org.gradle.launcher.exec.BuildActionResult@2f8c20ec]
2024-02-16T23:32:29.611+0900 [DEBUG] [org.gradle.launcher.daemon.server.DefaultIncomingConnectionHandler] Finishing executing command: Build{id=38fe1cd2-ae4f-4181-ae2d-3eab5b9ae7b5, currentDir=/Users/dahyun/Desktop/github/sesac-spring/240130/spring-boot-security-jwt}
2024-02-16T23:32:29.613+0900 [DEBUG] [org.gradle.launcher.daemon.server.SynchronizedDispatchConnection] thread 21: received class org.gradle.launcher.daemon.protocol.CloseInput
2024-02-16T23:32:29.613+0900 [DEBUG] [org.gradle.launcher.daemon.server.DefaultDaemonConnection] thread 21: Received IO message from client: org.gradle.launcher.daemon.protocol.CloseInput@7d4b9c2d
2024-02-16T23:32:29.613+0900 [DEBUG] [org.gradle.launcher.daemon.server.SynchronizedDispatchConnection] thread 21: received class org.gradle.launcher.daemon.protocol.Finished
2024-02-16T23:32:29.613+0900 [DEBUG] [org.gradle.launcher.daemon.server.DefaultDaemonConnection] thread 21: Received non-IO message from client: org.gradle.launcher.daemon.protocol.Finished@48c9c88f
2024-02-16T23:32:29.613+0900 [DEBUG] [org.gradle.launcher.daemon.server.DefaultIncomingConnectionHandler] Received finished message: org.gradle.launcher.daemon.protocol.Finished@48c9c88f
2024-02-16T23:32:29.613+0900 [DEBUG] [org.gradle.launcher.daemon.server.SynchronizedDispatchConnection] thread 20: stopping connection
2024-02-16T23:32:29.613+0900 [DEBUG] [org.gradle.internal.remote.internal.inet.SocketConnection] Discarding EOFException: java.io.EOFException
2024-02-16T23:32:29.614+0900 [DEBUG] [org.gradle.launcher.daemon.server.SynchronizedDispatchConnection] thread 21: received null
2024-02-16T23:32:29.614+0900 [DEBUG] [org.gradle.launcher.daemon.server.DefaultDaemonConnection] thread 21: Received end-of-input from client.
2024-02-16T23:32:29.617+0900 [DEBUG] [org.gradle.launcher.daemon.server.SynchronizedDispatchConnection] thread 20: stopping connection
2024-02-16T23:32:31.140+0900 [DEBUG] [org.gradle.cache.internal.LockOnDemandCrossProcessCacheAccess] Lock on artifact cache (/Users/dahyun/Desktop/github/project/shdh/nutri-subscription-service/.gradle/caches/modules-2) requested by another process - releasing lock.
2024-02-16T23:32:31.140+0900 [DEBUG] [org.gradle.cache.internal.LockOnDemandCrossProcessCacheAccess] Releasing file lock for artifact cache (/Users/dahyun/Desktop/github/project/shdh/nutri-subscription-service/.gradle/caches/modules-2)
2024-02-16T23:32:31.140+0900 [DEBUG] [org.gradle.cache.internal.btree.BTreePersistentIndexedCache] Closing cache resource-at-url.bin (/Users/dahyun/Desktop/github/project/shdh/nutri-subscription-service/.gradle/caches/modules-2/metadata-2.106/resource-at-url.bin)
2024-02-16T23:32:31.140+0900 [DEBUG] [org.gradle.cache.internal.btree.BTreePersistentIndexedCache] Closing cache module-artifact.bin (/Users/dahyun/Desktop/github/project/shdh/nutri-subscription-service/.gradle/caches/modules-2/metadata-2.106/module-artifact.bin)
2024-02-16T23:32:31.141+0900 [DEBUG] [org.gradle.cache.internal.btree.BTreePersistentIndexedCache] Closing cache module-metadata.bin (/Users/dahyun/Desktop/github/project/shdh/nutri-subscription-service/.gradle/caches/modules-2/metadata-2.106/module-metadata.bin)
2024-02-16T23:32:31.141+0900 [DEBUG] [org.gradle.cache.internal.DefaultFileLockManager] Releasing lock on artifact cache (/Users/dahyun/Desktop/github/project/shdh/nutri-subscription-service/.gradle/caches/modules-2).
2024-02-16T23:32:31.141+0900 [DEBUG] [org.gradle.cache.internal.locklistener.FileLockCommunicator] Confirming lock release to Gradle process at port 58172 for lock with id 2017868666150552116.
2024-02-16T23:32:31.141+0900 [DEBUG] [org.gradle.cache.internal.locklistener.FileLockCommunicator] Confirming lock release to Gradle process at port 58172 for lock with id 2017868666150552116.
2024-02-16T23:32:31.708+0900 [DEBUG] [org.gradle.cache.internal.DefaultFileLockManager] Waiting to acquire shared lock on daemon addresses registry.
2024-02-16T23:32:31.710+0900 [DEBUG] [org.gradle.cache.internal.DefaultFileLockManager] Lock acquired on daemon addresses registry.
2024-02-16T23:32:31.711+0900 [DEBUG] [org.gradle.cache.internal.DefaultFileLockManager] Releasing lock on daemon addresses registry.
2024-02-16T23:32:31.713+0900 [DEBUG] [org.gradle.cache.internal.DefaultFileLockManager] Waiting to acquire shared lock on daemon addresses registry.
2024-02-16T23:32:31.714+0900 [DEBUG] [org.gradle.cache.internal.DefaultFileLockManager] Lock acquired on daemon addresses registry.
2024-02-16T23:32:31.714+0900 [DEBUG] [org.gradle.cache.internal.DefaultFileLockManager] Releasing lock on daemon addresses registry.
2024-02-16T23:32:41.710+0900 [DEBUG] [org.gradle.cache.internal.DefaultFileLockManager] Waiting to acquire shared lock on daemon addresses registry.
2024-02-16T23:32:41.712+0900 [DEBUG] [org.gradle.cache.internal.DefaultFileLockManager] Lock acquired on daemon addresses registry.
2024-02-16T23:32:41.712+0900 [DEBUG] [org.gradle.cache.internal.DefaultFileLockManager] Releasing lock on daemon addresses registry.
2024-02-16T23:32:41.713+0900 [DEBUG] [org.gradle.cache.internal.DefaultFileLockManager] Waiting to acquire shared lock on daemon addresses registry.
2024-02-16T23:32:41.713+0900 [DEBUG] [org.gradle.cache.internal.DefaultFileLockManager] Lock acquired on daemon addresses registry.
2024-02-16T23:32:41.713+0900 [DEBUG] [org.gradle.cache.internal.DefaultFileLockManager] Releasing lock on daemon addresses registry.
2024-02-16T23:32:41.724+0900 [DEBUG] [org.gradle.cache.internal.DefaultFileLockManager] Waiting to acquire shared lock on daemon addresses registry.
2024-02-16T23:32:41.724+0900 [DEBUG] [org.gradle.cache.internal.DefaultFileLockManager] Lock acquired on daemon addresses registry.
2024-02-16T23:32:41.725+0900 [DEBUG] [org.gradle.cache.internal.DefaultFileLockManager] Releasing lock on daemon addresses registry.
2024-02-16T23:32:41.725+0900 [DEBUG] [org.gradle.cache.internal.DefaultFileLockManager] Waiting to acquire shared lock on daemon addresses registry.
2024-02-16T23:32:41.725+0900 [DEBUG] [org.gradle.cache.internal.DefaultFileLockManager] Lock acquired on daemon addresses registry.
2024-02-16T23:32:41.725+0900 [DEBUG] [org.gradle.cache.internal.DefaultFileLockManager] Releasing lock on daemon addresses registry.
2024-02-16T23:32:41.725+0900 [DEBUG] [org.gradle.launcher.daemon.server.DaemonRegistryUpdater] Storing daemon stop event: other compatible daemons were started and after being idle for 0 minutes and not recently used
2024-02-16T23:32:41.728+0900 [DEBUG] [org.gradle.launcher.daemon.registry.PersistentDaemonRegistry] Storing daemon stop event with timestamp 1708093961726
2024-02-16T23:32:41.729+0900 [DEBUG] [org.gradle.cache.internal.DefaultFileLockManager] Waiting to acquire exclusive lock on daemon addresses registry.
2024-02-16T23:32:41.729+0900 [DEBUG] [org.gradle.cache.internal.DefaultFileLockManager] Lock acquired on daemon addresses registry.
2024-02-16T23:32:41.731+0900 [DEBUG] [org.gradle.cache.internal.DefaultFileLockManager] Releasing lock on daemon addresses registry.
2024-02-16T23:32:41.731+0900 [LIFECYCLE] [org.gradle.launcher.daemon.server.DaemonStateCoordinator] Daemon will be stopped at the end of the build other compatible daemons were started and after being idle for 0 minutes and not recently used
2024-02-16T23:32:41.731+0900 [DEBUG] [org.gradle.launcher.daemon.server.DaemonStateCoordinator] Marking daemon stopped due to other compatible daemons were started and after being idle for 0 minutes and not recently used. The daemon is running a build: false
2024-02-16T23:32:41.731+0900 [DEBUG] [org.gradle.launcher.daemon.server.DaemonStateCoordinator] daemon has stopped.
2024-02-16T23:32:41.732+0900 [DEBUG] [org.gradle.launcher.daemon.server.Daemon] stop() called on daemon
2024-02-16T23:32:41.732+0900 [INFO] [org.gradle.launcher.daemon.server.Daemon] Stop requested. Daemon is removing its presence from the registry...
2024-02-16T23:32:41.732+0900 [DEBUG] [org.gradle.launcher.daemon.server.DaemonRegistryUpdater] Removing our presence to clients, eg. removing this address from the registry: [14b048f4-0adb-4325-a85d-5cdb843e6a2e port:54999, addresses:[localhost/127.0.0.1]]
2024-02-16T23:32:41.732+0900 [DEBUG] [org.gradle.launcher.daemon.registry.PersistentDaemonRegistry] Removing daemon address: [14b048f4-0adb-4325-a85d-5cdb843e6a2e port:54999, addresses:[localhost/127.0.0.1]]
2024-02-16T23:32:41.733+0900 [DEBUG] [org.gradle.cache.internal.DefaultFileLockManager] Waiting to acquire exclusive lock on daemon addresses registry.
2024-02-16T23:32:41.733+0900 [DEBUG] [org.gradle.cache.internal.DefaultFileLockManager] Lock acquired on daemon addresses registry.
2024-02-16T23:32:41.734+0900 [DEBUG] [org.gradle.cache.internal.DefaultFileLockManager] Releasing lock on daemon addresses registry.
2024-02-16T23:32:41.734+0900 [DEBUG] [org.gradle.launcher.daemon.server.DaemonRegistryUpdater] Address removed from registry.
2024-02-16T23:32:41.757+0900 [DEBUG] [org.gradle.cache.internal.DefaultCacheCoordinator] Cache Artifact transforms cache (/Users/dahyun/Desktop/github/project/shdh/nutri-subscription-service/.gradle/caches/transforms-3) was closed 0 times.
2024-02-16T23:32:41.760+0900 [DEBUG] [org.gradle.internal.watch.vfs.impl.WatchingVirtualFileSystem] Closing VFS, dropping state
2024-02-16T23:32:41.764+0900 [DEBUG] [org.gradle.cache.internal.DefaultCacheCoordinator] Cache Generated Gradle JARs cache (/Users/dahyun/Desktop/github/project/shdh/nutri-subscription-service/.gradle/caches/8.5/generated-gradle-jars) was closed 0 times.
2024-02-16T23:32:41.765+0900 [DEBUG] [org.gradle.internal.watch.registry.impl.DefaultFileWatcherRegistry] Finished listening to file system change events
2024-02-16T23:32:41.766+0900 [DEBUG] [org.gradle.cache.internal.DefaultCacheCoordinator] Cache journal cache (/Users/dahyun/Desktop/github/project/shdh/nutri-subscription-service/.gradle/caches/journal-1) was closed 2 times.
2024-02-16T23:32:41.779+0900 [DEBUG] [org.gradle.cache.internal.VersionSpecificCacheCleanupAction] Processed version-specific caches at /Users/dahyun/Desktop/github/project/shdh/nutri-subscription-service/.gradle/caches for cleanup in 0.011 secs
2024-02-16T23:32:41.783+0900 [DEBUG] [org.gradle.launcher.daemon.registry.PersistentDaemonRegistry] Removing daemon address: [14b048f4-0adb-4325-a85d-5cdb843e6a2e port:54999, addresses:[localhost/127.0.0.1]]
2024-02-16T23:32:41.783+0900 [DEBUG] [org.gradle.cache.internal.DefaultFileLockManager] Waiting to acquire exclusive lock on daemon addresses registry.
2024-02-16T23:32:41.784+0900 [DEBUG] [org.gradle.cache.internal.DefaultFileLockManager] Lock acquired on daemon addresses registry.
Daemon vm is shutting down... The daemon has exited normally or was terminated in response to a user interrupt.
2024-02-16T23:32:41.784+0900 [DEBUG] [org.gradle.cache.internal.DefaultFileLockManager] Releasing lock on daemon addresses registry.
